0 info it worked if it ends with ok
1 verbose cli [ '/usr/local/Cellar/node/4.1.2/bin/node',
1 verbose cli   '/usr/local/bin/npm',
1 verbose cli   'install',
1 verbose cli   'classnames' ]
2 info using npm@2.14.6
3 info using node@v4.1.2
4 verbose install initial load of /Users/Phil/hacky/Projects/smoothie_selector/package.json
5 warn package.json smoothie_selector@1.0.0 No repository field.
6 verbose installManyTop reading scoped package data from /Users/Phil/hacky/Projects/smoothie_selector/node_modules/babel-core/package.json
7 verbose installManyTop reading scoped package data from /Users/Phil/hacky/Projects/smoothie_selector/node_modules/babel-loader/package.json
8 verbose installManyTop reading scoped package data from /Users/Phil/hacky/Projects/smoothie_selector/node_modules/css-loader/package.json
9 verbose installManyTop reading scoped package data from /Users/Phil/hacky/Projects/smoothie_selector/node_modules/file-loader/package.json
10 verbose installManyTop reading scoped package data from /Users/Phil/hacky/Projects/smoothie_selector/node_modules/font-awesome/package.json
11 verbose installManyTop reading scoped package data from /Users/Phil/hacky/Projects/smoothie_selector/node_modules/html-webpack-plugin/package.json
12 verbose installManyTop reading scoped package data from /Users/Phil/hacky/Projects/smoothie_selector/node_modules/node-libs-browser/package.json
13 verbose installManyTop reading scoped package data from /Users/Phil/hacky/Projects/smoothie_selector/node_modules/node-sass/package.json
14 verbose installManyTop reading scoped package data from /Users/Phil/hacky/Projects/smoothie_selector/node_modules/octicons/package.json
15 verbose installManyTop reading scoped package data from /Users/Phil/hacky/Projects/smoothie_selector/node_modules/react/package.json
16 verbose installManyTop reading scoped package data from /Users/Phil/hacky/Projects/smoothie_selector/node_modules/react-hot-loader/package.json
17 verbose installManyTop reading scoped package data from /Users/Phil/hacky/Projects/smoothie_selector/node_modules/reflux/package.json
18 verbose installManyTop reading scoped package data from /Users/Phil/hacky/Projects/smoothie_selector/node_modules/sass-loader/package.json
19 verbose installManyTop reading scoped package data from /Users/Phil/hacky/Projects/smoothie_selector/node_modules/style-loader/package.json
20 verbose installManyTop reading scoped package data from /Users/Phil/hacky/Projects/smoothie_selector/node_modules/url-loader/package.json
21 verbose installManyTop reading scoped package data from /Users/Phil/hacky/Projects/smoothie_selector/node_modules/webpack/package.json
22 verbose installManyTop reading scoped package data from /Users/Phil/hacky/Projects/smoothie_selector/node_modules/webpack-merge/package.json
23 info package.json babel-core@5.8.25 No README data
24 info package.json octicons@2.4.1 license should be a valid SPDX license expression
25 verbose readDependencies loading dependencies from /Users/Phil/hacky/Projects/smoothie_selector/package.json
26 silly cache add args [ 'classnames', null ]
27 verbose cache add spec classnames
28 silly cache add parsed spec Result {
28 silly cache add   raw: 'classnames',
28 silly cache add   scope: null,
28 silly cache add   name: 'classnames',
28 silly cache add   rawSpec: '',
28 silly cache add   spec: '*',
28 silly cache add   type: 'range' }
29 silly addNamed classnames@*
30 verbose addNamed "*" is a valid semver range for classnames
31 silly addNameRange { name: 'classnames', range: '*', hasData: false }
32 silly mapToRegistry name classnames
33 silly mapToRegistry using default registry
34 silly mapToRegistry registry https://registry.npmjs.org/
35 silly mapToRegistry uri https://registry.npmjs.org/classnames
36 verbose addNameRange registry:https://registry.npmjs.org/classnames not in flight; fetching
37 verbose request uri https://registry.npmjs.org/classnames
38 verbose request no auth needed
39 info attempt registry request try #1 at 9:15:33 PM
40 verbose request id 8278e377ff965b06
41 verbose etag "3ABP5Q939OU5TM68FFYB0LKRV"
42 http request GET https://registry.npmjs.org/classnames
43 http 200 https://registry.npmjs.org/classnames
44 verbose headers { server: 'CouchDB/1.5.0 (Erlang OTP/R16B03)',
44 verbose headers   etag: '"TAMGH2VER3NWHDJKCPSA1JQY"',
44 verbose headers   'content-type': 'application/json',
44 verbose headers   'cache-control': 'max-age=60',
44 verbose headers   'content-length': '21315',
44 verbose headers   'accept-ranges': 'bytes',
44 verbose headers   date: 'Sat, 10 Oct 2015 20:15:32 GMT',
44 verbose headers   via: '1.1 varnish',
44 verbose headers   age: '0',
44 verbose headers   connection: 'keep-alive',
44 verbose headers   'x-served-by': 'cache-ams4149-AMS',
44 verbose headers   'x-cache': 'HIT',
44 verbose headers   'x-cache-hits': '1',
44 verbose headers   'x-timer': 'S1444508131.926186,VS0,VE725',
44 verbose headers   vary: 'Accept' }
45 silly get cb [ 200,
45 silly get   { server: 'CouchDB/1.5.0 (Erlang OTP/R16B03)',
45 silly get     etag: '"TAMGH2VER3NWHDJKCPSA1JQY"',
45 silly get     'content-type': 'application/json',
45 silly get     'cache-control': 'max-age=60',
45 silly get     'content-length': '21315',
45 silly get     'accept-ranges': 'bytes',
45 silly get     date: 'Sat, 10 Oct 2015 20:15:32 GMT',
45 silly get     via: '1.1 varnish',
45 silly get     age: '0',
45 silly get     connection: 'keep-alive',
45 silly get     'x-served-by': 'cache-ams4149-AMS',
45 silly get     'x-cache': 'HIT',
45 silly get     'x-cache-hits': '1',
45 silly get     'x-timer': 'S1444508131.926186,VS0,VE725',
45 silly get     vary: 'Accept' } ]
46 verbose get saving classnames to /Users/Phil/.npm/registry.npmjs.org/classnames/.cache.json
47 silly addNameRange number 2 { name: 'classnames', range: '*', hasData: true }
48 silly addNameRange versions [ 'classnames',
48 silly addNameRange   [ '1.0.0',
48 silly addNameRange     '1.1.0',
48 silly addNameRange     '1.1.1',
48 silly addNameRange     '1.1.2',
48 silly addNameRange     '1.1.3',
48 silly addNameRange     '1.1.4',
48 silly addNameRange     '1.2.0',
48 silly addNameRange     '1.2.1',
48 silly addNameRange     '1.2.2',
48 silly addNameRange     '2.0.0',
48 silly addNameRange     '2.1.0',
48 silly addNameRange     '2.1.1',
48 silly addNameRange     '2.1.2',
48 silly addNameRange     '2.1.3',
48 silly addNameRange     '2.1.4',
48 silly addNameRange     '2.1.5' ] ]
49 silly addNamed classnames@2.1.5
50 verbose addNamed "2.1.5" is a plain semver version for classnames
51 silly mapToRegistry name classnames
52 silly mapToRegistry using default registry
53 silly mapToRegistry registry https://registry.npmjs.org/
54 silly mapToRegistry uri https://registry.npmjs.org/classnames
55 verbose addRemoteTarball https://registry.npmjs.org/classnames/-/classnames-2.1.5.tgz not in flight; adding
56 verbose addRemoteTarball [ 'https://registry.npmjs.org/classnames/-/classnames-2.1.5.tgz',
56 verbose addRemoteTarball   '9c9a9cea3e2ff3ffd9b575442e3bd86d88dddf3e' ]
57 info retry fetch attempt 1 at 9:15:34 PM
58 info attempt registry request try #1 at 9:15:34 PM
59 http fetch GET https://registry.npmjs.org/classnames/-/classnames-2.1.5.tgz
60 http fetch 200 https://registry.npmjs.org/classnames/-/classnames-2.1.5.tgz
61 silly fetchAndShaCheck shasum 9c9a9cea3e2ff3ffd9b575442e3bd86d88dddf3e
62 verbose addTmpTarball /var/folders/xb/f308pq_17v74dh_j9x3mf9kc0000gn/T/npm-36726-409d6677/registry.npmjs.org/classnames/-/classnames-2.1.5.tgz not in flight; adding
63 verbose addTmpTarball already have metadata; skipping unpack for classnames@2.1.5
64 silly cache afterAdd classnames@2.1.5
65 verbose afterAdd /Users/Phil/.npm/classnames/2.1.5/package/package.json not in flight; writing
66 verbose afterAdd /Users/Phil/.npm/classnames/2.1.5/package/package.json written
67 silly install resolved [ { name: 'classnames',
67 silly install resolved     version: '2.1.5',
67 silly install resolved     description: 'A simple utility for conditionally joining classNames together',
67 silly install resolved     main: 'index.js',
67 silly install resolved     author: { name: 'Jed Watson' },
67 silly install resolved     license: 'MIT',
67 silly install resolved     repository:
67 silly install resolved      { type: 'git',
67 silly install resolved        url: 'git+https://github.com/JedWatson/classnames.git' },
67 silly install resolved     scripts:
67 silly install resolved      { benchmarks: 'node ./benchmarks/run',
67 silly install resolved        unit: 'mocha tests/*.js',
67 silly install resolved        test: 'npm run unit' },
67 silly install resolved     keywords:
67 silly install resolved      [ 'react',
67 silly install resolved        'css',
67 silly install resolved        'classes',
67 silly install resolved        'classname',
67 silly install resolved        'classnames',
67 silly install resolved        'util',
67 silly install resolved        'utility' ],
67 silly install resolved     devDependencies: { benchmark: '^1.0.0', mocha: '^2.1.0' },
67 silly install resolved     gitHead: '9d4e4023a0d00c64cb63eed2997357e88500602a',
67 silly install resolved     bugs: { url: 'https://github.com/JedWatson/classnames/issues' },
67 silly install resolved     homepage: 'https://github.com/JedWatson/classnames#readme',
67 silly install resolved     _id: 'classnames@2.1.5',
67 silly install resolved     _shasum: '9c9a9cea3e2ff3ffd9b575442e3bd86d88dddf3e',
67 silly install resolved     _from: 'classnames@*',
67 silly install resolved     _npmVersion: '2.14.3',
67 silly install resolved     _nodeVersion: '4.1.0',
67 silly install resolved     _npmUser: { name: 'jedwatson', email: 'jed.watson@me.com' },
67 silly install resolved     dist:
67 silly install resolved      { shasum: '9c9a9cea3e2ff3ffd9b575442e3bd86d88dddf3e',
67 silly install resolved        tarball: 'http://registry.npmjs.org/classnames/-/classnames-2.1.5.tgz' },
67 silly install resolved     maintainers: [ [Object] ],
67 silly install resolved     directories: {},
67 silly install resolved     _resolved: 'https://registry.npmjs.org/classnames/-/classnames-2.1.5.tgz' } ]
68 info install classnames@2.1.5 into /Users/Phil/hacky/Projects/smoothie_selector
69 info installOne classnames@2.1.5
70 verbose installOne of classnames to /Users/Phil/hacky/Projects/smoothie_selector not in flight; installing
71 verbose lock using /Users/Phil/.npm/_locks/classnames-ebc7809f981ba521.lock for /Users/Phil/hacky/Projects/smoothie_selector/node_modules/classnames
72 silly install write writing classnames 2.1.5 to /Users/Phil/hacky/Projects/smoothie_selector/node_modules/classnames
73 verbose unbuild node_modules/classnames
74 silly gentlyRm /Users/Phil/hacky/Projects/smoothie_selector/node_modules/classnames is being purged from base /Users/Phil/hacky/Projects/smoothie_selector
75 verbose gentlyRm don't care about contents; nuking /Users/Phil/hacky/Projects/smoothie_selector/node_modules/classnames
76 verbose tar unpack /Users/Phil/.npm/classnames/2.1.5/package.tgz
77 verbose tar unpacking to /Users/Phil/hacky/Projects/smoothie_selector/node_modules/classnames
78 silly gentlyRm /Users/Phil/hacky/Projects/smoothie_selector/node_modules/classnames is being purged
79 verbose gentlyRm don't care about contents; nuking /Users/Phil/hacky/Projects/smoothie_selector/node_modules/classnames
80 silly gunzTarPerm modes [ '755', '644' ]
81 silly gunzTarPerm extractEntry package.json
82 silly gunzTarPerm extractEntry .npmignore
83 silly gunzTarPerm extractEntry README.md
84 silly gunzTarPerm extractEntry LICENSE
85 silly gunzTarPerm extractEntry dedupe.js
86 silly gunzTarPerm extractEntry index.js
87 silly gunzTarPerm extractEntry .editorconfig
88 silly gunzTarPerm extractEntry benchmarks/package.json
89 silly gunzTarPerm extractEntry benchmarks/run.js
90 silly gunzTarPerm extractEntry bower.json
91 silly gunzTarPerm extractEntry .travis.yml
92 silly gunzTarPerm extractEntry CONTRIBUTING.md
93 silly gunzTarPerm extractEntry HISTORY.md
94 silly gunzTarPerm extractEntry tests/dedupe.js
95 silly gunzTarPerm extractEntry tests/index.js
96 verbose write writing to /Users/Phil/hacky/Projects/smoothie_selector/node_modules/classnames/package.json
97 info preinstall classnames@2.1.5
98 verbose readDependencies loading dependencies from /Users/Phil/hacky/Projects/smoothie_selector/node_modules/classnames/package.json
99 verbose readDependencies loading dependencies from /Users/Phil/hacky/Projects/smoothie_selector/node_modules/classnames/package.json
100 silly install resolved []
101 verbose about to build /Users/Phil/hacky/Projects/smoothie_selector/node_modules/classnames
102 info build /Users/Phil/hacky/Projects/smoothie_selector/node_modules/classnames
103 info linkStuff classnames@2.1.5
104 silly linkStuff classnames@2.1.5 has /Users/Phil/hacky/Projects/smoothie_selector/node_modules as its parent node_modules
105 verbose linkBins classnames@2.1.5
106 verbose linkMans classnames@2.1.5
107 verbose rebuildBundles classnames@2.1.5
108 info install classnames@2.1.5
109 info postinstall classnames@2.1.5
110 verbose unlock done using /Users/Phil/.npm/_locks/classnames-ebc7809f981ba521.lock for /Users/Phil/hacky/Projects/smoothie_selector/node_modules/classnames
111 verbose validateInstall loading /Users/Phil/hacky/Projects/smoothie_selector/package.json for validation
112 verbose stack Error: The package react@0.14.0 does not satisfy its siblings' peerDependencies requirements!
112 verbose stack     at /usr/local/lib/node_modules/npm/lib/install.js:125:32
112 verbose stack     at /usr/local/lib/node_modules/npm/lib/install.js:268:7
112 verbose stack     at /usr/local/lib/node_modules/npm/node_modules/read-installed/read-installed.js:142:5
112 verbose stack     at /usr/local/lib/node_modules/npm/node_modules/read-installed/read-installed.js:263:14
112 verbose stack     at cb (/usr/local/lib/node_modules/npm/node_modules/slide/lib/async-map.js:47:24)
112 verbose stack     at /usr/local/lib/node_modules/npm/node_modules/read-installed/read-installed.js:263:14
112 verbose stack     at cb (/usr/local/lib/node_modules/npm/node_modules/slide/lib/async-map.js:47:24)
112 verbose stack     at /usr/local/lib/node_modules/npm/node_modules/read-installed/read-installed.js:263:14
112 verbose stack     at cb (/usr/local/lib/node_modules/npm/node_modules/slide/lib/async-map.js:47:24)
112 verbose stack     at /usr/local/lib/node_modules/npm/node_modules/read-installed/read-installed.js:263:14
113 verbose cwd /Users/Phil/hacky/Projects/smoothie_selector
114 error Darwin 15.0.0
115 error argv "/usr/local/Cellar/node/4.1.2/bin/node" "/usr/local/bin/npm" "install" "classnames"
116 error node v4.1.2
117 error npm  v2.14.6
118 error code EPEERINVALID
119 error peerinvalid The package react@0.14.0 does not satisfy its siblings' peerDependencies requirements!
119 error peerinvalid Peer reflux@0.2.12 wants react@>=0.12.2 <0.14.0
120 verbose exit [ 1, true ]
